DEBUG org.springframework.beans.factory.support.DefaultListableBeanFactory - Invoking afterPropertiesSet() on bean with name 'dp/Dp_File_Qry'
2017-11-24 17:08:22.085 [WebContainer : 4] DEBUG org.springframework.beans.factory.support.DefaultListableBeanFactory - Returning cached instance of singleton bean 'org.springframework.transaction.config.internalTransactionAdvisor'
2017-11-24 17:08:22.087 [WebContainer : 4] DEBUG org.springframework.web.servlet.DispatcherServlet - Rendering view [org.springframework.web.servlet.view.tiles2.TilesView: name 'dp/Dp_File_Qry'; URL [dp/Dp_File_Qry]] in DispatcherServlet with name 'appServlet'
2017-11-24 17:08:22.088 [WebContainer : 4] DEBUG org.springframework.web.servlet.view.tiles2.TilesView - Added model object 'dpFileQryForm' of type [com.synesoft.dataproc.web.form.DpFileQryForm] to request in view with name 'dp/Dp_File_Qry'
2017-11-24 17:08:22.090 [WebContainer : 4] DEBUG org.springframework.web.servlet.view.tiles2.TilesView - Added model object 'org.springframework.validation.BindingResult.dpFileQryForm' of type [org.springframework.validation.BeanPropertyBindingResult] to request in view with name 'dp/Dp_File_Qry'
2017-11-24 17:08:22.090 [WebContainer : 4] DEBUG org.springframework.web.servlet.view.tiles2.TilesView - Added model object 'page' of type [org.springframework.data.domain.PageImpl] to request in view with name 'dp/Dp_File_Qry'
2017-11-24 17:08:22.092 [WebContainer : 4] DEBUG org.springframework.web.servlet.view.tiles2.TilesView - Added model object 'org.springframework.validation.BindingResult.page' of type [org.springframework.validation.BeanPropertyBindingResult] to request in view with name 'dp/Dp_File_Qry'
2017-11-24 17:08:22.092 [WebContainer : 4] DEBUG org.apache.tiles.impl.BasicTilesContainer - Render request recieved for definition 'dp/Dp_File_Qry'
2017-11-24 17:08:22.177 [WebContainer : 4] DEBUG org.springframework.web.servlet.DispatcherServlet - Could not complete request
javax.el.ELException: Error Parsing: ${(page.number\r\n\t\t\t\t\t\t\t\t* page.size) + (i.index + 1)}
	at org.apache.el.lang.ExpressionBuilder.createNodeInternal(ExpressionBuilder.java:147) ~[com.ibm.ws.webcontainer.jar:?]
	at org.apache.el.lang.ExpressionBuilder.build(ExpressionBuilder.java:172) ~[com.ibm.ws.webcontainer.jar:?]
	at org.apache.el.lang.ExpressionBuilder.createValueExpression(ExpressionBuilder.java:216) ~[com.ibm.ws.webcontainer.jar:?]
	at org.apache.el.ExpressionFactoryImpl.createValueExpression(ExpressionFactoryImpl.java:67) ~[com.ibm.ws.webcontainer.jar:?]
	at org.apache.jasper.runtime.PageContextImpl.proprietaryEvaluate(PageContextImpl.java:814) ~[com.ibm.ws.webcontainer.jar:?]
	at com.ibm._jsp._Dp_5F_File_5F_Qry._jspx_meth_c_forEach_0(_Dp_5F_File_5F_Qry.java:1374) ~[?:?]
	at com.ibm._jsp._Dp_5F_File_5F_Qry._jspx_meth_form_form_2(_Dp_5F_File_5F_Qry.java:1458) ~[?:?]
	at com.ibm._jsp._Dp_5F_File_5F_Qry._jspService(_Dp_5F_File_5F_Qry.java:325) ~[?:?]
	at com.ibm.ws.jsp.runtime.HttpJspBase.service(HttpJspBase.java:99) ~[com.ibm.ws.webcontainer.jar:?]
	at javax.servlet.http.HttpServlet.service(HttpServlet.java:668) ~[javax.j2ee.servlet.jar:?]
	at com.ibm.ws.webcontainer.servlet.ServletWrapper.service(ServletWrapper.java:1233) ~[com.ibm.ws.webcontainer.jar:?]
	at com.ibm.ws.webcontainer.servlet.ServletWrapper.handleRequest(ServletWrapper.java:782) ~[com.ibm.ws.webcontainer.jar:?]
	at com.ibm.ws.webcontainer.servlet.ServletWrapper.handleRequest(ServletWrapper.java:481) ~[com.ibm.ws.webcontainer.jar:?]
	at com.ibm.ws.webcontainer.servlet.ServletWrapperImpl.handleRequest(ServletWrapperImpl.java:178) ~[com.ibm.ws.webcontainer.jar:?]
	at com.ibm.wsspi.webcontainer.servlet.GenericServletWrapper.handleRequest(GenericServletWrapper.java:122) ~[com.ibm.ws.webcontainer.jar:?]
	at com.ibm.ws.jsp.webcontainerext.AbstractJSPExtensionServletWrapper.handleRequest(AbstractJSPExtensionServletWrapper.java:220) ~[com.ibm.ws.webcontainer.jar:?]
	at com.ibm.ws.webcontainer.filter.WebAppFilterChain.invokeTarget(WebAppFilterChain.java:136) ~[com.ibm.ws.webcontainer.jar:?]
	at com.ibm.ws.webcontainer.filter.WebAppFilterChain.doFilter(WebAppFilterChain.java:97) ~[com.ibm.ws.webcontainer.jar:?]
	at org.apache.logging.log4j.core.web.Log4jServletFilter.doFilter(Log4jServletFilter.java:59) ~[log4j-core-2.0-beta9.jar:2.0-beta9]
	at com.ibm.ws.webcontainer.filter.FilterInstanceWrapper.doFilter(FilterInstanceWrapper.java:195) ~[com.ibm.ws.webcontainer.jar:?]
	at com.ibm.ws.webcontainer.filter.WebAppFilterChain.doFilter(WebAppFilterChain.java:91) ~[com.ibm.ws.webcontainer.jar:?]
	at com.ibm.ws.webcontainer.filter.WebAppFilterManager.doFilter(WebAppFilterManager.java:967) ~[com.ibm.ws.webcontainer.jar:?]
	at com.ibm.ws.webcontainer.filter.WebAppFilterManager.invokeFilters(WebAppFilterManager.java:1107) ~[com.ibm.ws.webcontainer.jar:?]
	at com.ibm.ws.webcontainer.webapp.WebAppRequestDispatcher.dispatch(WebAppRequestDispatcher.java:1389) ~[com.ibm.ws.webcontainer.jar:?]
	at com.ibm.ws.webcontainer.webapp.WebAppRequestDispatcher.include(WebAppRequestDispatcher.java:550) ~[com.ibm.ws.webcontainer.jar:?]
	at org.apache.jasper.runtime.JspRuntimeLibrary.include(JspRuntimeLibrary.java:1045) ~[com.ibm.ws.webcontainer.jar:?]
	at org.apache.jasper.runtime.PageContextImpl.include(PageContextImpl.java:568) ~[com.ibm.ws.webcontainer.jar:?]
	at org.apache.tiles.jsp.context.JspTilesRequestContext.include(JspTilesRequestContext.java:103) ~[tiles-jsp-2.2.2.jar:2.2.2]
	at org.apache.tiles.jsp.context.JspTilesRequestContext.dispatch(JspTilesRequestContext.java:96) ~[tiles-jsp-2.2.2.jar:2.2.2]
	at org.apache.tiles.renderer.impl.TemplateAttributeRenderer.write(TemplateAttributeRenderer.java:44) ~[tiles-core-2.2.2.jar:2.2.2]
	at org.apache.tiles.renderer.impl.AbstractBaseAttributeRenderer.render(AbstractBaseAttributeRenderer.java:106) ~[tiles-core-2.2.2.jar:2.2.2]
	at org.apache.tiles.renderer.impl.ChainedDelegateAttributeRenderer.write(ChainedDelegateAttributeRenderer.java:76) ~[tiles-core-2.2.2.jar:2.2.2]
	at org.apache.tiles.renderer.impl.AbstractBaseAttributeRenderer.render(AbstractBaseAttributeRenderer.java:106) ~[tiles-core-2.2.2.jar:2.2.2]
	at org.apache.tiles.impl.BasicTilesContainer.render(BasicTilesContainer.java:670) ~[tiles-core-2.2.2.jar:2.2.2]
	at org.apache.tiles.impl.BasicTilesContainer.render(BasicTilesContainer.java:336) ~[tiles-core-2.2.2.jar:2.2.2]
	at org.apache.tiles.template.InsertAttributeModel.renderAttribute(InsertAttributeModel.java:210) ~[tiles-template-2.2.2.jar:2.2.2]
	at org.apache.tiles.template.InsertAttributeModel.end(InsertAttributeModel.java:126) ~[tiles-template-2.2.2.jar:2.2.2]
	at org.apache.tiles.jsp.taglib.InsertAttributeTag.doTag(InsertAttributeTag.java:311) ~[tiles-jsp-2.2.2.jar:2.2.2]
	at com.ibm._jsp._template._jspx_meth_tiles_insertAttribute_2(_template.java:258) ~[?:?]
	at com.ibm._jsp._template._jspService(_template.java:154) ~[?:?]
	at com.ibm.ws.jsp.runtime.HttpJspBase.service(HttpJspBase.java:99) ~[com.ibm.ws.webcontainer.jar:?]
	at javax.servlet.http.HttpServlet.service(HttpServlet.java:668) ~[javax.j2ee.servlet.jar:?]
	at com.ibm.ws.webcontainer.servlet.ServletWrapper.service(ServletWrapper.java:1233) ~[com.ibm.ws.webcontainer.jar:?]
	at com.ibm.ws.webcontainer.servlet.ServletWrapper.handleRequest(ServletWrapper.java:782) ~[com.ibm.ws.webcontainer.jar:?]
	at com.ibm.ws.webcontainer.servlet.ServletWrapper.handleRequest(ServletWrapper.java:481) ~[com.ibm.ws.webcontainer.jar:?]
	at com.ibm.ws.webcontainer.servlet.ServletWrapperImpl.handleRequest(ServletWrapperImpl.java:178) ~[com.ibm.ws.webcontainer.jar:?]
	at com.ibm.wsspi.webcontainer.servlet.GenericServletWrapper.handleRequest(GenericServletWrapper.java:122) ~[com.ibm.ws.webcontainer.jar:?]
	at com.ibm.ws.jsp.webcontainerext.AbstractJSPExtensionServletWrapper.handleRequest(AbstractJSPExtensionServletWrapper.java:220) ~[com.ibm.ws.webcontainer.jar:?]
	at com.ibm.ws.webcontainer.filter.WebAppFilterChain.invokeTarget(WebAppFilterChain.java:136) ~[com.ibm.ws.webcontainer.jar:?]
	at com.ibm.ws.webcontainer.filter.WebAppFilterChain.doFilter(WebAppFilterChain.java:97) ~[com.ibm.ws.webcontainer.jar:?]
	at org.apache.logging.log4j.core.web.Log4jServletFilter.doFilter(Log4jServletFilter.java:59) ~[log4j-core-2.0-beta9.jar:2.0-beta9]
	at com.ibm.ws.webcontainer.filter.FilterInstanceWrapper.doFilter(FilterInstanceWrapper.java:195) ~[com.ibm.ws.webcontainer.jar:?]
	at com.ibm.ws.webcontainer.filter.WebAppFilterChain.doFilter(WebAppFilterChain.java:91) ~[com.ibm.ws.webcontainer.jar:?]
	at com.ibm.ws.webcontainer.filter.WebAppFilterManager.doFilter(WebAppFilterManager.java:967) ~[com.ibm.ws.webcontainer.jar:?]
	at com.ibm.ws.webcontainer.filter.WebAppFilterManager.invokeFilters(WebAppFilterManager.java:1107) ~[com.ibm.ws.webcontainer.jar:?]
	at com.ibm.ws.webcontainer.webapp.WebAppRequestDispatcher.dispatch(WebAppRequestDispatcher.java:1389) ~[com.ibm.ws.webcontainer.jar:?]
	at com.ibm.ws.webcontainer.webapp.WebAppRequestDispatcher.forward(WebAppRequestDispatcher.java:195) ~[com.ibm.ws.webcontainer.jar:?]
	at org.apache.tiles.servlet.context.ServletTilesRequestContext.forward(ServletTilesRequestContext.java:241) ~[tiles-servlet-2.2.2.jar:2.2.2]
	at org.apache.tiles.servlet.context.ServletTilesRequestContext.dispatch(ServletTilesRequestContext.java:222) ~[tiles-servlet-2.2.2.jar:2.2.2]
	at org.apache.tiles.renderer.impl.TemplateAttributeRenderer.write(TemplateAttributeRenderer.java:44) ~[tiles-core-2.2.2.jar:2.2.2]
	at org.apache.tiles.renderer.impl.AbstractBaseAttributeRenderer.render(AbstractBaseAttributeRenderer.java:106) ~[tiles-core-2.2.2.jar:2.2.2]
	at org.apache.tiles.impl.BasicTilesContainer.render(BasicTilesContainer.java:670) ~[tiles-core-2.2.2.jar:2.2.2]
	at org.apache.tiles.impl.BasicTilesContainer.render(BasicTilesContainer.java:690) ~[tiles-core-2.2.2.jar:2.2.2]
	at org.apache.tiles.impl.BasicTilesContainer.render(BasicTilesContainer.java:644) ~[tiles-core-2.2.2.jar:2.2.2]
	at org.apache.tiles.impl.BasicTilesContainer.render(BasicTilesContainer.java:627) ~[tiles-core-2.2.2.jar:2.2.2]
	at org.apache.tiles.impl.BasicTilesContainer.render(BasicTilesContainer.java:321) ~[tiles-core-2.2.2.jar:2.2.2]
	at org.springframework.web.servlet.view.tiles2.TilesView.renderMergedOutputModel(TilesView.java:124) ~[spring-webmvc-3.1.2.RELEASE.jar:3.1.2.RELEASE]
	at org.springframework.web.servlet.view.AbstractView.render(AbstractView.java:262) ~[spring-webmvc-3.1.2.RELEASE.jar:3.1.2.RELEASE]
	at org.springframework.web.servlet.DispatcherServlet.render(DispatcherServlet.java:1180) ~[spring-webmvc-3.1.2.RELEASE.jar:3.1.2.RELEASE]
	at org.springframework.web.servlet.DispatcherServlet.doDispatch(DispatcherServlet.java:950) ~[spring-webmvc-3.1.2.RELEASE.jar:3.1.2.RELEASE]
	at org.springframework.web.servlet.DispatcherServlet.doService(DispatcherServlet.java:852) ~[spring-webmvc-3.1.2.RELEASE.jar:3.1.2.RELEASE]
	at org.springframework.web.servlet.FrameworkServlet.processRequest(FrameworkServlet.java:882) [spring-webmvc-3.1.2.RELEASE.jar:3.1.2.RELEASE]
	at org.springframework.web.servlet.FrameworkServlet.doGet(FrameworkServlet.java:778) [spring-webmvc-3.1.2.RELEASE.jar:3.1.2.RELEASE]
	at javax.servlet.http.HttpServlet.service(HttpServlet.java:575) [javax.j2ee.servlet.jar:?]
	at javax.servlet.http.HttpServlet.service(HttpServlet.java:668) [javax.j2ee.servlet.jar:?]
	at com.ibm.ws.webcontainer.servlet.ServletWrapper.service(ServletWrapper.java:1233) [com.ibm.ws.webcontainer.jar:?]
	at com.ibm.ws.webcontainer.servlet.ServletWrapper.handleRequest(ServletWrapper.java:782) [com.ibm.ws.webcontainer.jar:?]
	at com.ibm.ws.webcontainer.servlet.ServletWrapper.handleRequest(ServletWrapper.java:481) [com.ibm.ws.webcontainer.jar:?]
	at com.ibm.ws.webcontainer.servlet.ServletWrapperImpl.handleRequest(ServletWrapperImpl.java:178) [com.ibm.ws.webcontainer.jar:?]
	at com.ibm.ws.webcontainer.filter.WebAppFilterChain.invokeTarget(WebAppFilterChain.java:136) [com.ibm.ws.webcontainer.jar:?]
	at com.ibm.ws.webcontainer.filter.WebAppFilterChain.doFilter(WebAppFilterChain.java:97) [com.ibm.ws.webcontainer.jar:?]
	at org.springframework.web.filter.HiddenHttpMethodFilter.doFilterInternal(HiddenHttpMethodFilter.java:77) [spring-web-3.1.2.RELEASE.jar:3.1.2.RELEASE]
	at org.springframework.web.filter.OncePerRequestFilter.doFilter(OncePerRequestFilter.java:76) [spring-web-3.1.2.RELEASE.jar:3.1.2.RELEASE]
	at com.ibm.ws.webcontainer.filter.FilterInstanceWrapper.doFilter(FilterInstanceWrapper.java:195) [com.ibm.ws.webcontainer.jar:?]
	at com.ibm.ws.webcontainer.filter.WebAppFilterChain.doFilter(WebAppFilterChain.java:91) [com.ibm.ws.webcontainer.jar:?]
	at org.springframework.web.filter.CharacterEncodingFilter.doFilterInternal(CharacterEncodingFilter.java:88) [spring-web-3.1.2.RELEASE.jar:3.1.2.RELEASE]
	at org.springframework.web.filter.OncePerRequestFilter.doFilter(OncePerRequestFilter.java:76) [spring-web-3.1.2.RELEASE.jar:3.1.2.RELEASE]
	at com.ibm.ws.webcontainer.filter.FilterInstanceWrapper.doFilter(FilterInstanceWrapper.java:195) [com.ibm.ws.webcontainer.jar:?]
	at com.ibm.ws.webcontainer.filter.WebAppFilterChain.doFilter(WebAppFilterChain.java:91) [com.ibm.ws.webcontainer.jar:?]
	at org.apache.logging.log4j.core.web.Log4jServletFilter.doFilter(Log4jServletFilter.java:66) [log4j-core-2.0-beta9.jar:2.0-beta9]
	at com.ibm.ws.webcontainer.filter.FilterInstanceWrapper.doFilter(FilterInstanceWrapper.java:195) [com.ibm.ws.webcontainer.jar:?]
	at com.ibm.ws.webcontainer.filter.WebAppFilterChain.doFilter(WebAppFilterChain.java:91) [com.ibm.ws.webcontainer.jar:?]
	at com.ibm.ws.webcontainer.filter.WebAppFilterManager.doFilter(WebAppFilterManager.java:967) [com.ibm.ws.webcontainer.jar:?]
	at com.ibm.ws.webcontainer.filter.WebAppFilterManager.invokeFilters(WebAppFilterManager.java:1107) [com.ibm.ws.webcontainer.jar:?]
	at com.ibm.ws.webcontainer.webapp.WebApp.handleRequest(WebApp.java:3980) [com.ibm.ws.webcontainer.jar:?]
	at com.ibm.ws.webcontainer.webapp.WebGroup.handleRequest(WebGroup.java:304) [com.ibm.ws.webcontainer.jar:?]
	at com.ibm.ws.webcontainer.WebContainer.handleRequest(WebContainer.java:1016) [com.ibm.ws.webcontainer.jar:?]
	at com.ibm.ws.webcontainer.WSWebContainer.handleRequest(WSWebContainer.java:1817) [com.ibm.ws.webcontainer.jar:?]
	at com.ibm.ws.webcontainer.channel.WCChannelLink.ready(WCChannelLink.java:200) [com.ibm.ws.webcontainer.jar:?]
	at com.ibm.ws.http.channel.inbound.impl.HttpInboundLink.handleDiscrimination(HttpInboundLink.java:463) [com.ibm.ws.runtime.jar:?]
	at com.ibm.ws.http.channel.inbound.impl.HttpInboundLink.handleNewRequest(HttpInboundLink.java:530) [com.ibm.ws.runtime.jar:?]
	at com.ibm.ws.http.channel.inbound.impl.HttpInboundLink.processRequest(HttpInboundLink.java:316) [com.ibm.ws.runtime.jar:?]
	at com.ibm.ws.http.channel.inbound.impl.HttpICLReadCallback.complete(HttpICLReadCallback.java:88) [com.ibm.ws.runtime.jar:?]
	at com.ibm.ws.ssl.channel.impl.SSLReadServiceContext$SSLReadCompletedCallback.complete(SSLReadServiceContext.java:1820) [com.ibm.ws.runtime.jar:?]
	at com.ibm.ws.tcp.channel.impl.AioReadCompletionListener.futureCompleted(AioReadCompletionListener.java:175) [com.ibm.ws.runtime.jar:?]
	at com.ibm.io.async.AbstractAsyncFuture.invokeCallback(AbstractAsyncFuture.java:217) [com.ibm.ws.runtime.jar:?]
	at com.ibm.io.async.AsyncChannelFuture.fireCompletionActions(AsyncChannelFuture.java:161) [com.ibm.ws.runtime.jar:?]
	at com.ibm.io.async.AsyncFuture.completed(AsyncFuture.java:138) [com.ibm.ws.runtime.jar:?]
	at com.ibm.io.async.ResultHandler.complete(ResultHandler.java:204) [com.ibm.ws.runtime.jar:?]
	at com.ibm.io.async.ResultHandler.runEventProcessingLoop(ResultHandler.java:775) [com.ibm.ws.runtime.jar:?]
	at com.ibm.io.async.ResultHandler$2.run(ResultHandler.java:905) [com.ibm.ws.runtime.jar:?]
	at com.ibm.ws.util.ThreadPool$Worker.run(ThreadPool.java:1892) [com.ibm.ws.runtime.jar:?]
Caused by: org.apache.el.parser.ParseException: Encountered " <ILLEGAL_CHARACTER> "\\ "" at line 1, column 15.
Was expecting one of:
    "." ...
    "(" ...
    ")" ...
    "[" ...
    ">" ...
    "gt" ...
    "<" ...
    "lt" ...
    ">=" ...
    "ge" ...
    "<=" ...
    "le" ...
    "==" ...
    "eq" ...
    "!=" ...
    "ne" ...
    "&&" ...
    "and" ...
    "||" ...
    "or" ...
    "*" ...
    "+" ...
    "-" ...
    "/" ...
    "div" ...
    "%" ...
    "mod" ...
    
	at org.apache.el.parser.ELParser.generateParseException(ELParser.java:2215) ~[com.ibm.ws.webcontainer.jar:?]
	at org.apache.el.parser.ELParser.jj_consume_token(ELParser.java:2097) ~[com.ibm.ws.webcontainer.jar:?]
	at org.apache.el.parser.ELParser.NonLiteral(ELParser.java:1182) ~[com.ibm.ws.webcontainer.jar:?]
	at org.apache.el.parser.ELParser.ValuePrefix(ELParser.java:1017) ~[com.ibm.ws.webcontainer.jar:?]
	at org.apache.el.parser.ELParser.Value(ELParser.java:966) ~[com.ibm.ws.webcontainer.jar:?]
	at org.apache.el.parser.ELParser.Unary(ELParser.java:948) ~[com.ibm.ws.webcontainer.jar:?]
	at org.apache.el.parser.ELParser.Multiplication(ELParser.java:712) ~[com.ibm.ws.webcontainer.jar:?]
	at org.apache.el.parser.ELParser.Math(ELParser.java:632) ~[com.ibm.ws.webcontainer.jar:?]
	at org.apache.el.parser.ELParser.Compare(ELParser.java:444) ~[com.ibm.ws.webcontainer.jar:?]
	at org.apache.el.parser.ELParser.Equality(ELParser.java:338) ~[com.ibm.ws.webcontainer.jar:?]
	at org.apache.el.parser.ELParser.And(ELParser.java:282) ~[com.ibm.ws.webcontainer.jar:?]
	at org.apache.el.parser.ELParser.Or(ELParser.java:226) ~[com.ibm.ws.webcontainer.jar:?]
	at org.apache.el.parser.ELParser.Choice(ELParser.java:183) ~[com.ibm.ws.webcontainer.jar:?]
	at org.apache.el.parser.ELParser.Expression(ELParser.java:175) ~[com.ibm.ws.webcontainer.jar:?]
	at org.apache.el.parser.ELParser.DynamicExpression(ELParser.java:147) ~[com.ibm.ws.webcontainer.jar:?]
	at org.apache.el.parser.ELParser.CompositeExpression(ELParser.java:44) ~[com.ibm.ws.webcontainer.jar:?]
	at org.apache.el.lang.ExpressionBuilder.createNodeInternal(ExpressionBuilder.java:116) ~[com.ibm.ws.webcontainer.jar:?]
	... 111 more